<?xml version="1.0" encoding="UTF-8"?>
<!-- Generated by org.testng.reporters.JUnitXMLReporter -->
<testsuite ignored="1" hostname="LAPTOP-K29UFT4A" failures="0" tests="1" name="Default test" time="4.45" errors="0" timestamp="2024-10-07T00:31:18 IST">
  <testcase classname="swaglabs.ai.tests.validateHomePageTest" name="validateOfAddSauceLabsBackPackIntoCartFromHomePageTest" time="2.061"/>
  <testcase classname="swaglabs.ai.tests.validateHomePageTest" name="validateUserLandedInSwagLabsHomePage" time="0.0">
    <ignored/>
  </testcase> <!-- validateUserLandedInSwagLabsHomePage -->
</testsuite> <!-- Default test -->
