<?xml version="1.0" encoding="UTF-8"?>
<!-- Generated by org.testng.reporters.JUnitXMLReporter -->
<testsuite ignored="0" hostname="LAPTOP-K29UFT4A" failures="0" tests="2" name="Test" time="5.176" errors="0" timestamp="2024-10-07T00:32:42 IST">
  <testcase classname="swaglabs.ai.tests.validateHomePageTest" name="validateOfAddSauceLabsBackPackIntoCartFromHomePageTest" time="2.1"/>
  <testcase classname="swaglabs.ai.tests.validateHomePageTest" name="validateUserLandedInSwagLabsHomePage" time="0.256"/>
</testsuite> <!-- Test -->
