<?xml version="1.0" encoding="UTF-8"?>
<testng-results ignored="0" total="2" passed="2" failed="0" skipped="0">
  <reporter-output>
  </reporter-output>
  <suite started-at="2024-10-07T00:32:37 IST" name="Suite" finished-at="2024-10-07T00:32:42 IST" duration-ms="5176">
    <groups>
    </groups>
    <test started-at="2024-10-07T00:32:37 IST" name="Test" finished-at="2024-10-07T00:32:42 IST" duration-ms="5176">
      <class name="swaglabs.ai.tests.validateHomePageTest">
        <test-method is-config="true" signature="initializeDriver()[pri:0, instance:swaglabs.ai.tests.validateHomePageTest@3d285d7e]" started-at="2024-10-07T00:32:37 IST" name="initializeDriver" finished-at="2024-10-07T00:32:39 IST" duration-ms="2584" status="PASS">
          <reporter-output>
          </reporter-output>
        </test-method> <!-- initializeDriver -->
        <test-method signature="validateOfAddSauceLabsBackPackIntoCartFromHomePageTest()[pri:0, instance:swaglabs.ai.tests.validateHomePageTest@3d285d7e]" started-at="2024-10-07T00:32:39 IST" name="validateOfAddSauceLabsBackPackIntoCartFromHomePageTest" finished-at="2024-10-07T00:32:42 IST" duration-ms="2100" status="PASS">
          <reporter-output>
          </reporter-output>
        </test-method> <!-- validateOfAddSauceLabsBackPackIntoCartFromHomePageTest -->
        <test-method signature="validateUserLandedInSwagLabsHomePage()[pri:0, instance:swaglabs.ai.tests.validateHomePageTest@3d285d7e]" started-at="2024-10-07T00:32:42 IST" name="validateUserLandedInSwagLabsHomePage" finished-at="2024-10-07T00:32:42 IST" duration-ms="256" status="PASS">
          <reporter-output>
          </reporter-output>
        </test-method> <!-- validateUserLandedInSwagLabsHomePage -->
        <test-method is-config="true" signature="tearDown()[pri:0, instance:swaglabs.ai.tests.validateHomePageTest@3d285d7e]" started-at="2024-10-07T00:32:42 IST" name="tearDown" finished-at="2024-10-07T00:32:42 IST" duration-ms="201" status="PASS">
          <reporter-output>
          </reporter-output>
        </test-method> <!-- tearDown -->
      </class> <!-- swaglabs.ai.tests.validateHomePageTest -->
    </test> <!-- Test -->
  </suite> <!-- Suite -->
</testng-results>
